<?xml version="1.0" encoding="UTF-8"?>
<!-- Generated by org.testng.reporters.JUnitReportReporter -->
<testsuite skipped="0" hostname="TJXF_ZX_SHUANGYANG3" name="com.test.NumFirstTest" tests="1" failures="0" timestamp="12 十二月 2017 05:07:18 GMT" time="0.005" errors="0">
  <testcase name="TestOne" time="0.005" classname="com.test.NumFirstTest"/>
</testsuite> <!-- com.test.NumFirstTest -->
