<?xml version="1.0" encoding="UTF-8"?>
<!-- Generated by org.testng.reporters.JUnitReportReporter -->
<testsuite skipped="0" hostname="TJXF_ZX_SHUANGYANG3" name="com.test.AbcTest" tests="1" failures="0" timestamp="13 十二月 2017 07:22:25 GMT" time="6.252" errors="0">
  <testcase name="dw" time="6.252" classname="com.test.AbcTest"/>
</testsuite> <!-- com.test.AbcTest -->
