<?xml version="1.0" encoding="UTF-8"?>
<!-- Generated by org.testng.reporters.JUnitReportReporter -->
<testsuite skipped="0" hostname="TJXF_ZX_SHUANGYANG3" name="com.cases.jbcl" tests="1" failures="0" timestamp="13 十二月 2017 04:28:40 GMT" time="3.059" errors="0">
  <testcase name="bj" time="3.059" classname="com.cases.jbcl"/>
</testsuite> <!-- com.cases.jbcl -->
