<?xml version="1.0" encoding="UTF-8"?>
<!-- Generated by org.testng.reporters.JUnitReportReporter -->
<testsuite skipped="0" hostname="TJXF_ZX_SHUANGYANG3" name="com.cases.LoginCase" tests="1" failures="0" timestamp="12 十二月 2017 04:52:27 GMT" time="5.471" errors="0">
  <testcase name="LoginPage" time="5.471" classname="com.cases.LoginCase"/>
</testsuite> <!-- com.cases.LoginCase -->
