<?xml version="1.0" encoding="UTF-8"?>
<!-- Generated by org.testng.reporters.JUnitReportReporter -->
<testsuite name="com.cases.Box_NewFolder_case" tests="1" time="11.047" ignored="0" failures="0" timestamp="24 一月 2017 02:18:22 GMT" skipped="0" hostname="fourme-PC" errors="0">
  <testcase name="Box_Login_Page" time="11.047" classname="com.cases.Box_NewFolder_case"/>
</testsuite> <!-- com.cases.Box_NewFolder_case -->
