<?xml version="1.0" encoding="UTF-8"?>
<!-- Generated by org.testng.reporters.JUnitReportReporter -->
<testsuite name="com.cases.Box_Login_Page_Case" tests="1" time="9.947" ignored="0" failures="0" timestamp="05 一月 2017 05:21:20 GMT" skipped="0" hostname="fourme-PC" errors="0">
  <testcase name="Box_Login_Page" time="9.947" classname="com.cases.Box_Login_Page_Case"/>
</testsuite> <!-- com.cases.Box_Login_Page_Case -->
